WARNING: A terminally deprecated method in sun.misc.Unsafe has been called
WARNING: sun.misc.Unsafe::staticFieldBase has been called by com.google.inject.internal.aop.HiddenClassDefiner (file:/opt/homebrew/Cellar/maven/3.9.11/libexec/lib/guice-5.1.0-classes.jar)
WARNING: Please consider reporting this to the maintainers of class com.google.inject.internal.aop.HiddenClassDefiner
WARNING: sun.misc.Unsafe::staticFieldBase will be removed in a future release
[INFO] Scanning for projects...
[INFO] 
[INFO] -------------------< com.nasroul:AssociationManager >-------------------
[INFO] Building AssociationManager 1.0-SNAPSHOT
[INFO]   from pom.xml
[INFO] --------------------------------[ jar ]---------------------------------
[WARNING] 6 problems were encountered while building the effective model for org.openjfx:javafx-controls:jar:21.0.1 during dependency collection step for project (use -X to see details)
[INFO] 
[INFO] --- clean:3.2.0:clean (default-clean) @ AssociationManager ---
[INFO] Deleting /Users/tidiane/Documents/nasroul/AssociationManager/target
[INFO] 
[INFO] >>> javafx:0.0.8:run (default-cli) > process-classes @ AssociationManager >>>
[INFO] 
[INFO] --- resources:3.3.1:resources (default-resources) @ AssociationManager ---
[INFO] Copying 20 resources from src/main/resources to target/classes
[INFO] 
[INFO] --- compiler:3.11.0:compile (default-compile) @ AssociationManager ---
[INFO] Changes detected - recompiling the module! :source
[INFO] Compiling 35 source files with javac [debug target 17] to target/classes
[INFO] /Users/tidiane/Documents/nasroul/AssociationManager/src/main/java/com/nasroul/controller/ContributionController.java: /Users/tidiane/Documents/nasroul/AssociationManager/src/main/java/com/nasroul/controller/ContributionController.java uses unchecked or unsafe operations.
[INFO] /Users/tidiane/Documents/nasroul/AssociationManager/src/main/java/com/nasroul/controller/ContributionController.java: Recompile with -Xlint:unchecked for details.
[INFO] -------------------------------------------------------------
[WARNING] COMPILATION WARNING : 
[INFO] -------------------------------------------------------------
[WARNING] location of system modules is not set in conjunction with -source 17
  not setting the location of system modules may lead to class files that cannot run on JDK 17
    --release 17 is recommended instead of -source 17 -target 17 because it sets the location of system modules automatically
[INFO] 1 warning
[INFO] -------------------------------------------------------------
[INFO] -------------------------------------------------------------
[ERROR] COMPILATION ERROR : 
[INFO] -------------------------------------------------------------
[ERROR] /Users/tidiane/Documents/nasroul/AssociationManager/src/main/java/com/nasroul/controller/ContributionController.java:[281,13] cannot find symbol
  symbol:   class ContributionDialogController
  location: class com.nasroul.controller.ContributionController
[ERROR] /Users/tidiane/Documents/nasroul/AssociationManager/src/main/java/com/nasroul/controller/ContributionController.java:[309,13] cannot find symbol
  symbol:   class ContributionDialogController
  location: class com.nasroul.controller.ContributionController
[INFO] 2 errors 
[INFO] -------------------------------------------------------------
[INFO] ------------------------------------------------------------------------
[INFO] BUILD FAILURE
[INFO] ------------------------------------------------------------------------
[INFO] Total time:  2.664 s
[INFO] Finished at: 2025-11-19T08:44:03Z
[INFO] ------------------------------------------------------------------------
[ERROR] Failed to execute goal org.apache.maven.plugins:maven-compiler-plugin:3.11.0:compile (default-compile) on project AssociationManager: Compilation failure: Compilation failure: 
[ERROR] /Users/tidiane/Documents/nasroul/AssociationManager/src/main/java/com/nasroul/controller/ContributionController.java:[281,13] cannot find symbol
[ERROR]   symbol:   class ContributionDialogController
[ERROR]   location: class com.nasroul.controller.ContributionController
[ERROR] /Users/tidiane/Documents/nasroul/AssociationManager/src/main/java/com/nasroul/controller/ContributionController.java:[309,13] cannot find symbol
[ERROR]   symbol:   class ContributionDialogController
[ERROR]   location: class com.nasroul.controller.ContributionController
[ERROR] -> [Help 1]
[ERROR] 
[ERROR] To see the full stack trace of the errors, re-run Maven with the -e switch.
[ERROR] Re-run Maven using the -X switch to enable full debug logging.
[ERROR] 
[ERROR] For more information about the errors and possible solutions, please read the following articles:
[ERROR] [Help 1] http://cwiki.apache.org/confluence/display/MAVEN/MojoFailureException
